<?xml version="1.0" encoding="UTF-8"?>
<!-- Generated by org.testng.reporters.JUnitReportReporter -->
<testsuite hostname="LAPTOP-K934IKS0" failures="0" tests="1" name="Sample.Demo1" time="14.188" errors="0" timestamp="2024-07-09T16:30:34 IST" skipped="0">
  <testcase classname="Sample.Demo1" name="OpenChromeBrowser" time="14.188"/>
  <system-out/>
</testsuite> <!-- Sample.Demo1 -->
