<?xml version="1.0" encoding="UTF-8"?>
<!-- Generated by org.testng.reporters.JUnitReportReporter -->
<testsuite hostname="LAPTOP-K934IKS0" failures="0" tests="1" name="Sample.Demo" time="8.586" errors="0" timestamp="2024-07-22T12:57:37 IST" skipped="0">
  <testcase classname="Sample.Demo" name="name" time="8.586"/>
  <system-out/>
</testsuite> <!-- Sample.Demo -->
