<?xml version="1.0" encoding="UTF-8"?>
<!-- Generated by org.testng.reporters.JUnitReportReporter -->
<testsuite hostname="LAPTOP-K934IKS0" failures="0" tests="2" name="TestNG.Example_4_Annotations" time="0.024" errors="0" timestamp="2024-07-22T15:30:47 IST" skipped="0">
  <testcase classname="TestNG.Example_4_Annotations" name="VerifyLogo2" time="0.007"/>
  <system-out>
    <![CDATA[--Running Verify Logo2 TC--]]>
  </system-out>
  <testcase classname="TestNG.Example_4_Annotations" name="VerifyLogo1" time="0.017"/>
  <system-out>
    <![CDATA[--Running Verify Logo1 TC--]]>
  </system-out>
</testsuite> <!-- TestNG.Example_4_Annotations -->
