<?xml version="1.0" encoding="UTF-8"?>
<!-- Generated by org.testng.reporters.JUnitReportReporter -->
<testsuite hostname="LAPTOP-K934IKS0" failures="0" tests="2" name="TestNG.Exampe3_Emailable_Reporter" time="0.024" errors="0" timestamp="2024-07-22T13:08:25 IST" skipped="0">
  <testcase classname="TestNG.Exampe3_Emailable_Reporter" name="TC1" time="0.020"/>
  <system-out>
    <![CDATA[running TC1--]]>
  </system-out>
  <testcase classname="TestNG.Exampe3_Emailable_Reporter" name="TC2" time="0.004"/>
  <system-out>
    <![CDATA[--running TC2--]]>
  </system-out>
</testsuite> <!-- TestNG.Exampe3_Emailable_Reporter -->
